0 verbose cli /usr/bin/node /usr/bin/npm
1 info using npm@8.19.3
2 info using node@v16.19.1
3 timing npm:load:whichnode Completed in 0ms
4 timing config:load:defaults Completed in 5ms
5 timing config:load:file:/usr/lib/node_modules/npm/npmrc Completed in 2ms
6 timing config:load:builtin Completed in 3ms
7 timing config:load:cli Completed in 4ms
8 timing config:load:env Completed in 0ms
9 timing config:load:project Completed in 22ms
10 timing config:load:file:/opt/codeclubot/.npmrc Completed in 1ms
11 timing config:load:user Completed in 1ms
12 timing config:load:file:/usr/etc/npmrc Completed in 0ms
13 timing config:load:global Completed in 1ms
14 timing config:load:validate Completed in 0ms
15 timing config:load:credentials Completed in 3ms
16 timing config:load:setEnvs Completed in 3ms
17 timing config:load Completed in 45ms
18 timing npm:load:configload Completed in 45ms
19 timing npm:load:mkdirpcache Completed in 4ms
20 timing npm:load:mkdirplogs Completed in 2ms
21 verbose title npm i
22 verbose argv "i"
23 timing npm:load:setTitle Completed in 3ms
24 timing config:load:flatten Completed in 8ms
25 timing npm:load:display Completed in 13ms
26 verbose logfile logs-max:10 dir:/opt/codeclubot/.npm/_logs
27 verbose logfile /opt/codeclubot/.npm/_logs/2023-04-14T15_26_19_850Z-debug-0.log
28 timing npm:load:logFile Completed in 14ms
29 timing npm:load:timers Completed in 0ms
30 timing npm:load:configScope Completed in 0ms
31 timing npm:load Completed in 86ms
32 timing arborist:ctor Completed in 2ms
33 silly logfile done cleaning log files
34 timing idealTree:init Completed in 224ms
35 timing idealTree:userRequests Completed in 0ms
36 silly idealTree buildDeps
37 timing idealTree:#root Completed in 0ms
38 timing idealTree:buildDeps Completed in 4ms
39 timing idealTree:fixDepFlags Completed in 1ms
40 timing idealTree Completed in 237ms
41 timing reify:loadTrees Completed in 244ms
42 timing reify:diffTrees Completed in 7ms
43 silly reify moves {}
44 timing reify:retireShallow Completed in 3ms
45 timing reify:createSparse Completed in 57ms
46 timing reify:loadBundles Completed in 0ms
47 silly audit bulk request {
47 silly audit   '@discordjs/builders': [ '1.6.1' ],
47 silly audit   '@discordjs/collection': [ '1.5.0' ],
47 silly audit   '@discordjs/formatters': [ '0.3.0' ],
47 silly audit   '@discordjs/rest': [ '1.7.0' ],
47 silly audit   '@discordjs/util': [ '0.2.0' ],
47 silly audit   '@sapphire/async-queue': [ '1.5.0' ],
47 silly audit   '@sapphire/shapeshift': [ '3.8.2' ],
47 silly audit   '@sapphire/snowflake': [ '3.4.0' ],
47 silly audit   '@serialport/binding-mock': [ '10.2.2' ],
47 silly audit   '@serialport/bindings-cpp': [ '10.8.0' ],
47 silly audit   '@serialport/bindings-interface': [ '1.2.2' ],
47 silly audit   '@serialport/parser-byte-length': [ '10.5.0' ],
47 silly audit   '@serialport/parser-cctalk': [ '10.5.0' ],
47 silly audit   '@serialport/parser-delimiter': [ '10.5.0' ],
47 silly audit   '@serialport/parser-inter-byte-timeout': [ '10.5.0' ],
47 silly audit   '@serialport/parser-packet-length': [ '10.5.0' ],
47 silly audit   '@serialport/parser-readline': [ '10.5.0' ],
47 silly audit   '@serialport/parser-ready': [ '10.5.0' ],
47 silly audit   '@serialport/parser-regex': [ '10.5.0' ],
47 silly audit   '@serialport/parser-slip-encoder': [ '10.5.0' ],
47 silly audit   '@serialport/parser-spacepacket': [ '10.5.0' ],
47 silly audit   '@serialport/stream': [ '10.5.0' ],
47 silly audit   '@tokenizer/token': [ '0.3.0' ],
47 silly audit   '@types/node': [ '18.13.0' ],
47 silly audit   '@types/ws': [ '8.5.4' ],
47 silly audit   busboy: [ '1.6.0' ],
47 silly audit   debug: [ '4.3.4' ],
47 silly audit   'discord-api-types': [ '0.37.37' ],
47 silly audit   'discord.js': [ '14.9.0' ],
47 silly audit   dotenv: [ '16.0.3' ],
47 silly audit   'fast-deep-equal': [ '3.1.3' ],
47 silly audit   'file-type': [ '18.2.1' ],
47 silly audit   ieee754: [ '1.2.1' ],
47 silly audit   inherits: [ '2.0.4' ],
47 silly audit   lodash: [ '4.17.21' ],
47 silly audit   'lodash.snakecase': [ '4.1.1' ],
47 silly audit   ms: [ '2.1.2' ],
47 silly audit   'node-addon-api': [ '5.1.0' ],
47 silly audit   'node-gyp-build': [ '4.6.0' ],
47 silly audit   'peek-readable': [ '5.0.0' ],
47 silly audit   'readable-stream': [ '3.6.2' ],
47 silly audit   'readable-web-to-node-stream': [ '3.0.2' ],
47 silly audit   'safe-buffer': [ '5.2.1' ],
47 silly audit   serialport: [ '10.5.0' ],
47 silly audit   streamsearch: [ '1.1.0' ],
47 silly audit   string_decoder: [ '1.3.0' ],
47 silly audit   strtok3: [ '7.0.0' ],
47 silly audit   'token-types': [ '5.0.1' ],
47 silly audit   'ts-mixer': [ '6.0.3' ],
47 silly audit   tslib: [ '2.5.0' ],
47 silly audit   undici: [ '5.21.2' ],
47 silly audit   'util-deprecate': [ '1.0.2' ],
47 silly audit   ws: [ '8.13.0' ]
47 silly audit }
48 silly tarball no local data for ws@https://registry.npmjs.org/ws/-/ws-8.13.0.tgz. Extracting by manifest.
49 silly tarball no local data for ts-mixer@https://registry.npmjs.org/ts-mixer/-/ts-mixer-6.0.3.tgz. Extracting by manifest.
50 silly tarball no local data for tslib@https://registry.npmjs.org/tslib/-/tslib-2.5.0.tgz. Extracting by manifest.
51 silly tarball no local data for util-deprecate@https://registry.npmjs.org/util-deprecate/-/util-deprecate-1.0.2.tgz. Extracting by manifest.
52 silly tarball no local data for token-types@https://registry.npmjs.org/token-types/-/token-types-5.0.1.tgz. Extracting by manifest.
53 silly tarball no local data for strtok3@https://registry.npmjs.org/strtok3/-/strtok3-7.0.0.tgz. Extracting by manifest.
54 silly tarball no local data for string_decoder@https://registry.npmjs.org/string_decoder/-/string_decoder-1.3.0.tgz. Extracting by manifest.
55 silly tarball no local data for streamsearch@https://registry.npmjs.org/streamsearch/-/streamsearch-1.1.0.tgz. Extracting by manifest.
56 silly tarball no local data for undici@https://registry.npmjs.org/undici/-/undici-5.21.2.tgz. Extracting by manifest.
57 silly tarball no local data for serialport@https://registry.npmjs.org/serialport/-/serialport-10.5.0.tgz. Extracting by manifest.
58 silly tarball no local data for safe-buffer@https://registry.npmjs.org/safe-buffer/-/safe-buffer-5.2.1.tgz. Extracting by manifest.
59 silly tarball no local data for readable-web-to-node-stream@https://registry.npmjs.org/readable-web-to-node-stream/-/readable-web-to-node-stream-3.0.2.tgz. Extracting by manifest.
60 silly tarball no local data for peek-readable@https://registry.npmjs.org/peek-readable/-/peek-readable-5.0.0.tgz. Extracting by manifest.
61 silly tarball no local data for readable-stream@https://registry.npmjs.org/readable-stream/-/readable-stream-3.6.2.tgz. Extracting by manifest.
62 silly tarball no local data for node-gyp-build@https://registry.npmjs.org/node-gyp-build/-/node-gyp-build-4.6.0.tgz. Extracting by manifest.
63 silly tarball no local data for node-addon-api@https://registry.npmjs.org/node-addon-api/-/node-addon-api-5.1.0.tgz. Extracting by manifest.
64 silly tarball no local data for ms@https://registry.npmjs.org/ms/-/ms-2.1.2.tgz. Extracting by manifest.
65 silly tarball no local data for lodash.snakecase@https://registry.npmjs.org/lodash.snakecase/-/lodash.snakecase-4.1.1.tgz. Extracting by manifest.
66 silly tarball no local data for lodash@https://registry.npmjs.org/lodash/-/lodash-4.17.21.tgz. Extracting by manifest.
67 silly tarball no local data for inherits@https://registry.npmjs.org/inherits/-/inherits-2.0.4.tgz. Extracting by manifest.
68 silly tarball no local data for ieee754@https://registry.npmjs.org/ieee754/-/ieee754-1.2.1.tgz. Extracting by manifest.
69 silly tarball no local data for file-type@https://registry.npmjs.org/file-type/-/file-type-18.2.1.tgz. Extracting by manifest.
70 silly tarball no local data for dotenv@https://registry.npmjs.org/dotenv/-/dotenv-16.0.3.tgz. Extracting by manifest.
71 silly tarball no local data for discord.js@https://registry.npmjs.org/discord.js/-/discord.js-14.9.0.tgz. Extracting by manifest.
72 silly tarball no local data for fast-deep-equal@https://registry.npmjs.org/fast-deep-equal/-/fast-deep-equal-3.1.3.tgz. Extracting by manifest.
73 silly tarball no local data for discord-api-types@https://registry.npmjs.org/discord-api-types/-/discord-api-types-0.37.37.tgz. Extracting by manifest.
74 silly tarball no local data for debug@https://registry.npmjs.org/debug/-/debug-4.3.4.tgz. Extracting by manifest.
75 silly tarball no local data for busboy@https://registry.npmjs.org/busboy/-/busboy-1.6.0.tgz. Extracting by manifest.
76 silly tarball no local data for @types/ws@https://registry.npmjs.org/@types/ws/-/ws-8.5.4.tgz. Extracting by manifest.
77 silly tarball no local data for @types/node@https://registry.npmjs.org/@types/node/-/node-18.13.0.tgz. Extracting by manifest.
78 silly tarball no local data for @tokenizer/token@https://registry.npmjs.org/@tokenizer/token/-/token-0.3.0.tgz. Extracting by manifest.
79 silly tarball no local data for @serialport/stream@https://registry.npmjs.org/@serialport/stream/-/stream-10.5.0.tgz. Extracting by manifest.
80 silly tarball no local data for @serialport/parser-spacepacket@https://registry.npmjs.org/@serialport/parser-spacepacket/-/parser-spacepacket-10.5.0.tgz. Extracting by manifest.
81 silly tarball no local data for @serialport/parser-slip-encoder@https://registry.npmjs.org/@serialport/parser-slip-encoder/-/parser-slip-encoder-10.5.0.tgz. Extracting by manifest.
82 silly tarball no local data for @serialport/parser-regex@https://registry.npmjs.org/@serialport/parser-regex/-/parser-regex-10.5.0.tgz. Extracting by manifest.
83 silly tarball no local data for @serialport/parser-readline@https://registry.npmjs.org/@serialport/parser-readline/-/parser-readline-10.5.0.tgz. Extracting by manifest.
84 silly tarball no local data for @serialport/parser-packet-length@https://registry.npmjs.org/@serialport/parser-packet-length/-/parser-packet-length-10.5.0.tgz. Extracting by manifest.
85 silly tarball no local data for @serialport/parser-inter-byte-timeout@https://registry.npmjs.org/@serialport/parser-inter-byte-timeout/-/parser-inter-byte-timeout-10.5.0.tgz. Extracting by manifest.
86 silly tarball no local data for @serialport/parser-delimiter@https://registry.npmjs.org/@serialport/parser-delimiter/-/parser-delimiter-10.5.0.tgz. Extracting by manifest.
87 silly tarball no local data for @serialport/parser-cctalk@https://registry.npmjs.org/@serialport/parser-cctalk/-/parser-cctalk-10.5.0.tgz. Extracting by manifest.
88 silly tarball no local data for @serialport/bindings-interface@https://registry.npmjs.org/@serialport/bindings-interface/-/bindings-interface-1.2.2.tgz. Extracting by manifest.
89 silly tarball no local data for @serialport/bindings-cpp@https://registry.npmjs.org/@serialport/bindings-cpp/-/bindings-cpp-10.8.0.tgz. Extracting by manifest.
90 silly tarball no local data for @serialport/binding-mock@https://registry.npmjs.org/@serialport/binding-mock/-/binding-mock-10.2.2.tgz. Extracting by manifest.
91 silly tarball no local data for @serialport/parser-byte-length@https://registry.npmjs.org/@serialport/parser-byte-length/-/parser-byte-length-10.5.0.tgz. Extracting by manifest.
92 silly tarball no local data for @sapphire/snowflake@https://registry.npmjs.org/@sapphire/snowflake/-/snowflake-3.4.0.tgz. Extracting by manifest.
93 silly tarball no local data for @sapphire/shapeshift@https://registry.npmjs.org/@sapphire/shapeshift/-/shapeshift-3.8.2.tgz. Extracting by manifest.
94 silly tarball no local data for @sapphire/async-queue@https://registry.npmjs.org/@sapphire/async-queue/-/async-queue-1.5.0.tgz. Extracting by manifest.
95 silly tarball no local data for @discordjs/util@https://registry.npmjs.org/@discordjs/util/-/util-0.2.0.tgz. Extracting by manifest.
96 silly tarball no local data for @discordjs/rest@https://registry.npmjs.org/@discordjs/rest/-/rest-1.7.0.tgz. Extracting by manifest.
97 silly tarball no local data for @discordjs/formatters@https://registry.npmjs.org/@discordjs/formatters/-/formatters-0.3.0.tgz. Extracting by manifest.
98 silly tarball no local data for @discordjs/collection@https://registry.npmjs.org/@discordjs/collection/-/collection-1.5.0.tgz. Extracting by manifest.
99 silly tarball no local data for @discordjs/builders@https://registry.npmjs.org/@discordjs/builders/-/builders-1.6.1.tgz. Extracting by manifest.
100 silly tarball no local data for @serialport/parser-ready@https://registry.npmjs.org/@serialport/parser-ready/-/parser-ready-10.5.0.tgz. Extracting by manifest.
101 http fetch POST 200 https://registry.npmjs.org/-/npm/v1/security/advisories/bulk 793ms
102 timing auditReport:getReport Completed in 806ms
103 silly audit report {}
104 timing auditReport:init Completed in 0ms
105 timing reify:audit Completed in 808ms
106 http fetch GET 200 https://registry.npmjs.org/string_decoder/-/string_decoder-1.3.0.tgz 1783ms (cache miss)
107 timing reifyNode:node_modules/string_decoder Completed in 2030ms
108 http fetch GET 200 https://registry.npmjs.org/ms/-/ms-2.1.2.tgz 1733ms (cache miss)
109 timing reifyNode:node_modules/ms Completed in 2029ms
110 http fetch GET 200 https://registry.npmjs.org/readable-web-to-node-stream/-/readable-web-to-node-stream-3.0.2.tgz 1752ms (cache miss)
111 timing reifyNode:node_modules/readable-web-to-node-stream Completed in 2034ms
112 http fetch GET 200 https://registry.npmjs.org/serialport/-/serialport-10.5.0.tgz 1762ms (cache miss)
113 timing reifyNode:node_modules/serialport Completed in 2035ms
114 http fetch GET 200 https://registry.npmjs.org/peek-readable/-/peek-readable-5.0.0.tgz 1752ms (cache miss)
115 timing reifyNode:node_modules/peek-readable Completed in 2036ms
116 http fetch GET 200 https://registry.npmjs.org/ieee754/-/ieee754-1.2.1.tgz 1727ms (cache miss)
117 timing reifyNode:node_modules/ieee754 Completed in 2038ms
118 http fetch GET 200 https://registry.npmjs.org/inherits/-/inherits-2.0.4.tgz 1732ms (cache miss)
119 timing reifyNode:node_modules/inherits Completed in 2039ms
120 http fetch GET 200 https://registry.npmjs.org/fast-deep-equal/-/fast-deep-equal-3.1.3.tgz 1699ms (cache miss)
121 timing reifyNode:node_modules/fast-deep-equal Completed in 2042ms
122 http fetch GET 200 https://registry.npmjs.org/node-gyp-build/-/node-gyp-build-4.6.0.tgz 1780ms (cache miss)
123 timing reifyNode:node_modules/node-gyp-build Completed in 2071ms
124 http fetch GET 200 https://registry.npmjs.org/util-deprecate/-/util-deprecate-1.0.2.tgz 1863ms (cache miss)
125 timing reifyNode:node_modules/util-deprecate Completed in 2101ms
126 http fetch GET 200 https://registry.npmjs.org/token-types/-/token-types-5.0.1.tgz 1862ms (cache miss)
127 timing reifyNode:node_modules/token-types Completed in 2101ms
128 http fetch GET 200 https://registry.npmjs.org/safe-buffer/-/safe-buffer-5.2.1.tgz 1827ms (cache miss)
129 timing reifyNode:node_modules/safe-buffer Completed in 2104ms
130 http fetch GET 200 https://registry.npmjs.org/lodash.snakecase/-/lodash.snakecase-4.1.1.tgz 1810ms (cache miss)
131 timing reifyNode:node_modules/lodash.snakecase Completed in 2108ms
132 http fetch GET 200 https://registry.npmjs.org/@types/ws/-/ws-8.5.4.tgz 1756ms (cache miss)
133 timing reifyNode:node_modules/@types/ws Completed in 2114ms
134 http fetch GET 200 https://registry.npmjs.org/streamsearch/-/streamsearch-1.1.0.tgz 1925ms (cache miss)
135 timing reifyNode:node_modules/streamsearch Completed in 2175ms
136 http fetch GET 200 https://registry.npmjs.org/@serialport/stream/-/stream-10.5.0.tgz 1826ms (cache miss)
137 timing reifyNode:node_modules/@serialport/stream Completed in 2209ms
138 http fetch GET 200 https://registry.npmjs.org/@serialport/binding-mock/-/binding-mock-10.2.2.tgz 1753ms (cache miss)
139 timing reifyNode:node_modules/@serialport/binding-mock Completed in 2225ms
140 http fetch GET 200 https://registry.npmjs.org/dotenv/-/dotenv-16.0.3.tgz 2022ms (cache miss)
141 timing reifyNode:node_modules/dotenv Completed in 2339ms
142 http fetch GET 200 https://registry.npmjs.org/readable-stream/-/readable-stream-3.6.2.tgz 2091ms (cache miss)
143 http fetch GET 200 https://registry.npmjs.org/debug/-/debug-4.3.4.tgz 2055ms (cache miss)
144 timing reifyNode:node_modules/debug Completed in 2406ms
145 timing reifyNode:node_modules/readable-stream Completed in 2421ms
146 http fetch GET 200 https://registry.npmjs.org/tslib/-/tslib-2.5.0.tgz 2206ms (cache miss)
147 timing reifyNode:node_modules/tslib Completed in 2439ms
148 http fetch GET 200 https://registry.npmjs.org/@tokenizer/token/-/token-0.3.0.tgz 2085ms (cache miss)
149 timing reifyNode:node_modules/@tokenizer/token Completed in 2450ms
150 http fetch GET 200 https://registry.npmjs.org/strtok3/-/strtok3-7.0.0.tgz 2244ms (cache miss)
151 timing reifyNode:node_modules/strtok3 Completed in 2486ms
152 http fetch GET 200 https://registry.npmjs.org/file-type/-/file-type-18.2.1.tgz 2171ms (cache miss)
153 timing reifyNode:node_modules/file-type Completed in 2484ms
154 http fetch GET 200 https://registry.npmjs.org/@sapphire/async-queue/-/async-queue-1.5.0.tgz 1994ms (cache miss)
155 timing reifyNode:node_modules/@sapphire/async-queue Completed in 2486ms
156 http fetch GET 200 https://registry.npmjs.org/@serialport/parser-packet-length/-/parser-packet-length-10.5.0.tgz 2095ms (cache miss)
157 timing reifyNode:node_modules/@serialport/parser-packet-length Completed in 2498ms
158 http fetch GET 200 https://registry.npmjs.org/@serialport/parser-regex/-/parser-regex-10.5.0.tgz 2105ms (cache miss)
159 timing reifyNode:node_modules/@serialport/parser-regex Completed in 2500ms
160 http fetch GET 200 https://registry.npmjs.org/@serialport/parser-readline/-/parser-readline-10.5.0.tgz 2120ms (cache miss)
161 timing reifyNode:node_modules/@serialport/parser-readline Completed in 2519ms
162 http fetch GET 200 https://registry.npmjs.org/node-addon-api/-/node-addon-api-5.1.0.tgz 2232ms (cache miss)
163 http fetch GET 200 https://registry.npmjs.org/@serialport/parser-slip-encoder/-/parser-slip-encoder-10.5.0.tgz 2146ms (cache miss)
164 timing reifyNode:node_modules/@serialport/parser-slip-encoder Completed in 2537ms
165 http fetch GET 200 https://registry.npmjs.org/@serialport/parser-delimiter/-/parser-delimiter-10.5.0.tgz 2128ms (cache miss)
166 timing reifyNode:node_modules/@serialport/parser-delimiter Completed in 2537ms
167 http fetch GET 200 https://registry.npmjs.org/@serialport/parser-byte-length/-/parser-byte-length-10.5.0.tgz 2072ms (cache miss)
168 timing reifyNode:node_modules/@serialport/parser-byte-length Completed in 2550ms
169 http fetch GET 200 https://registry.npmjs.org/@serialport/parser-spacepacket/-/parser-spacepacket-10.5.0.tgz 2186ms (cache miss)
170 timing reifyNode:node_modules/@serialport/parser-spacepacket Completed in 2572ms
171 http fetch GET 200 https://registry.npmjs.org/@serialport/bindings-interface/-/bindings-interface-1.2.2.tgz 2124ms (cache miss)
172 timing reifyNode:node_modules/@serialport/bindings-interface Completed in 2572ms
173 http fetch GET 200 https://registry.npmjs.org/@serialport/parser-cctalk/-/parser-cctalk-10.5.0.tgz 2160ms (cache miss)
174 timing reifyNode:node_modules/@serialport/parser-cctalk Completed in 2573ms
175 timing reifyNode:node_modules/node-addon-api Completed in 2582ms
176 http fetch GET 200 https://registry.npmjs.org/@serialport/parser-inter-byte-timeout/-/parser-inter-byte-timeout-10.5.0.tgz 2183ms (cache miss)
177 timing reifyNode:node_modules/@serialport/parser-inter-byte-timeout Completed in 2589ms
178 http fetch GET 200 https://registry.npmjs.org/@sapphire/snowflake/-/snowflake-3.4.0.tgz 2126ms (cache miss)
179 timing reifyNode:node_modules/@sapphire/snowflake Completed in 2709ms
180 http fetch GET 200 https://registry.npmjs.org/ts-mixer/-/ts-mixer-6.0.3.tgz 2556ms (cache miss)
181 timing reifyNode:node_modules/ts-mixer Completed in 2784ms
182 http fetch GET 200 https://registry.npmjs.org/ws/-/ws-8.13.0.tgz 2574ms (cache miss)
183 timing reifyNode:node_modules/ws Completed in 2802ms
184 http fetch GET 200 https://registry.npmjs.org/busboy/-/busboy-1.6.0.tgz 2443ms (cache miss)
185 timing reifyNode:node_modules/busboy Completed in 2796ms
186 http fetch GET 200 https://registry.npmjs.org/@discordjs/util/-/util-0.2.0.tgz 2368ms (cache miss)
187 timing reifyNode:node_modules/@discordjs/util Completed in 2882ms
188 http fetch GET 200 https://registry.npmjs.org/@discordjs/formatters/-/formatters-0.3.0.tgz 2404ms (cache miss)
189 timing reifyNode:node_modules/@discordjs/formatters Completed in 2923ms
190 http fetch GET 200 https://registry.npmjs.org/@serialport/parser-ready/-/parser-ready-10.5.0.tgz 2421ms (cache miss)
191 timing reifyNode:node_modules/@serialport/parser-ready Completed in 2943ms
192 http fetch GET 200 https://registry.npmjs.org/@discordjs/collection/-/collection-1.5.0.tgz 2440ms (cache miss)
193 timing reifyNode:node_modules/@discordjs/collection Completed in 2970ms
194 http fetch GET 200 https://registry.npmjs.org/@discordjs/rest/-/rest-1.7.0.tgz 2649ms (cache miss)
195 timing reifyNode:node_modules/@discordjs/rest Completed in 3149ms
196 http fetch GET 200 https://registry.npmjs.org/@sapphire/shapeshift/-/shapeshift-3.8.2.tgz 2837ms (cache miss)
197 timing reifyNode:node_modules/@sapphire/shapeshift Completed in 3324ms
198 http fetch GET 200 https://registry.npmjs.org/@discordjs/builders/-/builders-1.6.1.tgz 2810ms (cache miss)
199 timing reifyNode:node_modules/@discordjs/builders Completed in 3325ms
200 http fetch GET 200 https://registry.npmjs.org/npm 4151ms (cache miss)
201 http fetch GET 200 https://registry.npmjs.org/@serialport/bindings-cpp/-/bindings-cpp-10.8.0.tgz 3493ms (cache miss)
202 timing reifyNode:node_modules/@serialport/bindings-cpp Completed in 3960ms
203 http fetch GET 200 https://registry.npmjs.org/undici/-/undici-5.21.2.tgz 4091ms (cache miss)
204 timing reifyNode:node_modules/undici Completed in 4349ms
205 http fetch GET 200 https://registry.npmjs.org/@types/node/-/node-18.13.0.tgz 4265ms (cache miss)
206 timing reifyNode:node_modules/@types/node Completed in 4632ms
207 http fetch GET 200 https://registry.npmjs.org/discord.js/-/discord.js-14.9.0.tgz 4496ms (cache miss)
208 timing reifyNode:node_modules/discord.js Completed in 4834ms
209 http fetch GET 200 https://registry.npmjs.org/lodash/-/lodash-4.17.21.tgz 5502ms (cache miss)
210 timing reifyNode:node_modules/lodash Completed in 5805ms
211 http fetch GET 200 https://registry.npmjs.org/discord-api-types/-/discord-api-types-0.37.37.tgz 5492ms (cache miss)
212 timing reifyNode:node_modules/discord-api-types Completed in 5839ms
213 timing reify:unpack Completed in 5848ms
214 timing reify:unretire Completed in 0ms
215 timing build:queue Completed in 8ms
216 timing build:link:node_modules/node-gyp-build Completed in 8ms
217 timing build:link Completed in 8ms
218 info run @serialport/bindings-cpp@10.8.0 install node_modules/@serialport/bindings-cpp node-gyp-build
219 info run @serialport/bindings-cpp@10.8.0 install { code: 0, signal: null }
220 timing build:run:install:node_modules/@serialport/bindings-cpp Completed in 280ms
221 timing build:run:install Completed in 282ms
222 timing build:deps Completed in 300ms
223 timing build Completed in 300ms
224 timing reify:build Completed in 301ms
225 timing reify:trash Completed in 0ms
226 timing reify:save Completed in 52ms
227 timing reify Completed in 6672ms
228 silly ADD node_modules/ws
229 silly ADD node_modules/util-deprecate
230 silly ADD node_modules/undici
231 silly ADD node_modules/tslib
232 silly ADD node_modules/ts-mixer
233 silly ADD node_modules/token-types
234 silly ADD node_modules/strtok3
235 silly ADD node_modules/string_decoder
236 silly ADD node_modules/streamsearch
237 silly ADD node_modules/serialport
238 silly ADD node_modules/safe-buffer
239 silly ADD node_modules/readable-web-to-node-stream
240 silly ADD node_modules/readable-stream
241 silly ADD node_modules/peek-readable
242 silly ADD node_modules/node-gyp-build
243 silly ADD node_modules/node-addon-api
244 silly ADD node_modules/ms
245 silly ADD node_modules/lodash.snakecase
246 silly ADD node_modules/lodash
247 silly ADD node_modules/inherits
248 silly ADD node_modules/ieee754
249 silly ADD node_modules/file-type
250 silly ADD node_modules/fast-deep-equal
251 silly ADD node_modules/dotenv
252 silly ADD node_modules/discord.js
253 silly ADD node_modules/discord-api-types
254 silly ADD node_modules/debug
255 silly ADD node_modules/busboy
256 silly ADD node_modules/@types/ws
257 silly ADD node_modules/@types/node
258 silly ADD node_modules/@tokenizer/token
259 silly ADD node_modules/@serialport/stream
260 silly ADD node_modules/@serialport/parser-spacepacket
261 silly ADD node_modules/@serialport/parser-slip-encoder
262 silly ADD node_modules/@serialport/parser-regex
263 silly ADD node_modules/@serialport/parser-ready
264 silly ADD node_modules/@serialport/parser-readline
265 silly ADD node_modules/@serialport/parser-packet-length
266 silly ADD node_modules/@serialport/parser-inter-byte-timeout
267 silly ADD node_modules/@serialport/parser-delimiter
268 silly ADD node_modules/@serialport/parser-cctalk
269 silly ADD node_modules/@serialport/parser-byte-length
270 silly ADD node_modules/@serialport/bindings-interface
271 silly ADD node_modules/@serialport/bindings-cpp
272 silly ADD node_modules/@serialport/binding-mock
273 silly ADD node_modules/@sapphire/snowflake
274 silly ADD node_modules/@sapphire/shapeshift
275 silly ADD node_modules/@sapphire/async-queue
276 silly ADD node_modules/@discordjs/util
277 silly ADD node_modules/@discordjs/rest
278 silly ADD node_modules/@discordjs/formatters
279 silly ADD node_modules/@discordjs/collection
280 silly ADD node_modules/@discordjs/builders
281 timing command:i Completed in 6702ms
282 notice
282 notice New [31mmajor[39m version of npm available! [31m8.19.3[39m -> [32m9.6.4[39m
282 notice Changelog: [36mhttps://github.com/npm/cli/releases/tag/v9.6.4[39m
282 notice Run [32mnpm install -g npm@9.6.4[39m to update!
282 notice
283 verbose exit 0
284 timing npm Completed in 7034ms
285 info ok
